usage: hypercorn [-h] [--access-log ACCESS_LOG]
                 [--access-logfile ACCESS_LOGFILE]
                 [--access-logformat ACCESS_LOGFORMAT] [--backlog BACKLOG]
                 [-b BINDS] [--ca-certs CA_CERTS] [--certfile CERTFILE]
                 [--cert-reqs CERT_REQS] [--ciphers CIPHERS] [-c CONFIG]
                 [--debug] [--error-log ERROR_LOG]
                 [--error-logfile ERROR_LOGFILE]
                 [--graceful-timeout GRACEFUL_TIMEOUT]
                 [--read-timeout READ_TIMEOUT] [-g GROUP] [-k WORKER_CLASS]
                 [--keep-alive KEEP_ALIVE] [--keyfile KEYFILE]
                 [--keyfile-password KEYFILE_PASSWORD]
                 [--insecure-bind INSECURE_BINDS] [--log-config LOG_CONFIG]
                 [--log-level LOG_LEVEL] [-p PID] [--quic-bind QUIC_BINDS]
                 [--reload] [--root-path ROOT_PATH]
                 [--server-name SERVER_NAMES] [--statsd-host STATSD_HOST]
                 [--statsd-prefix STATSD_PREFIX] [-m UMASK] [-u USER]
                 [--verify-mode VERIFY_MODE]
                 [--websocket-ping-interval WEBSOCKET_PING_INTERVAL]
                 [-w WORKERS]
                 application
hypercorn: error: unrecognized arguments: --reloads
usage: hypercorn [-h] [--access-log ACCESS_LOG]
                 [--access-logfile ACCESS_LOGFILE]
                 [--access-logformat ACCESS_LOGFORMAT] [--backlog BACKLOG]
                 [-b BINDS] [--ca-certs CA_CERTS] [--certfile CERTFILE]
                 [--cert-reqs CERT_REQS] [--ciphers CIPHERS] [-c CONFIG]
                 [--debug] [--error-log ERROR_LOG]
                 [--error-logfile ERROR_LOGFILE]
                 [--graceful-timeout GRACEFUL_TIMEOUT]
                 [--read-timeout READ_TIMEOUT] [-g GROUP] [-k WORKER_CLASS]
                 [--keep-alive KEEP_ALIVE] [--keyfile KEYFILE]
                 [--keyfile-password KEYFILE_PASSWORD]
                 [--insecure-bind INSECURE_BINDS] [--log-config LOG_CONFIG]
                 [--log-level LOG_LEVEL] [-p PID] [--quic-bind QUIC_BINDS]
                 [--reload] [--root-path ROOT_PATH]
                 [--server-name SERVER_NAMES] [--statsd-host STATSD_HOST]
                 [--statsd-prefix STATSD_PREFIX] [-m UMASK] [-u USER]
                 [--verify-mode VERIFY_MODE]
                 [--websocket-ping-interval WEBSOCKET_PING_INTERVAL]
                 [-w WORKERS]
                 application
hypercorn: error: unrecognized arguments: --reloads
Traceback (most recent call last):
  File "/home/ssm-user/.local/share/virtualenvs/pine-server-POIPdFfT/bin/hypercorn", line 8, in <module>
    sys.exit(main())
  File "/home/ssm-user/.local/share/virtualenvs/pine-server-POIPdFfT/lib/python3.9/site-packages/hypercorn/__main__.py", line 287, in main
    run(config)
  File "/home/ssm-user/.local/share/virtualenvs/pine-server-POIPdFfT/lib/python3.9/site-packages/hypercorn/run.py", line 42, in run
    load_application(config.application_path, config.wsgi_max_body_size)
  File "/home/ssm-user/.local/share/virtualenvs/pine-server-POIPdFfT/lib/python3.9/site-packages/hypercorn/utils.py", line 115, in load_application
    module = import_module(import_name)
  File "/usr/lib64/python3.9/importlib/__init__.py", line 127, in import_module
    return _bootstrap._gcd_import(name[level:], package, level)
  File "<frozen importlib._bootstrap>", line 1030, in _gcd_import
  File "<frozen importlib._bootstrap>", line 1007, in _find_and_load
  File "<frozen importlib._bootstrap>", line 986, in _find_and_load_unlocked
  File "<frozen importlib._bootstrap>", line 680, in _load_unlocked
  File "<frozen importlib._bootstrap_external>", line 850, in exec_module
  File "<frozen importlib._bootstrap>", line 228, in _call_with_frames_removed
  File "/home/ssm-user/pine-server/main.py", line 1, in <module>
    from fastapi import FastAPI, Request
ModuleNotFoundError: No module named 'fastapi'
usage: hypercorn [-h] [--access-log ACCESS_LOG]
                 [--access-logfile ACCESS_LOGFILE]
                 [--access-logformat ACCESS_LOGFORMAT] [--backlog BACKLOG]
                 [-b BINDS] [--ca-certs CA_CERTS] [--certfile CERTFILE]
                 [--cert-reqs CERT_REQS] [--ciphers CIPHERS] [-c CONFIG]
                 [--debug] [--error-log ERROR_LOG]
                 [--error-logfile ERROR_LOGFILE]
                 [--graceful-timeout GRACEFUL_TIMEOUT]
                 [--read-timeout READ_TIMEOUT] [-g GROUP] [-k WORKER_CLASS]
                 [--keep-alive KEEP_ALIVE] [--keyfile KEYFILE]
                 [--keyfile-password KEYFILE_PASSWORD]
                 [--insecure-bind INSECURE_BINDS] [--log-config LOG_CONFIG]
                 [--log-level LOG_LEVEL] [-p PID] [--quic-bind QUIC_BINDS]
                 [--reload] [--root-path ROOT_PATH]
                 [--server-name SERVER_NAMES] [--statsd-host STATSD_HOST]
                 [--statsd-prefix STATSD_PREFIX] [-m UMASK] [-u USER]
                 [--verify-mode VERIFY_MODE]
                 [--websocket-ping-interval WEBSOCKET_PING_INTERVAL]
                 [-w WORKERS]
                 application
hypercorn: error: unrecognized arguments: --reloads
usage: hypercorn [-h] [--access-log ACCESS_LOG]
                 [--access-logfile ACCESS_LOGFILE]
                 [--access-logformat ACCESS_LOGFORMAT] [--backlog BACKLOG]
                 [-b BINDS] [--ca-certs CA_CERTS] [--certfile CERTFILE]
                 [--cert-reqs CERT_REQS] [--ciphers CIPHERS] [-c CONFIG]
                 [--debug] [--error-log ERROR_LOG]
                 [--error-logfile ERROR_LOGFILE]
                 [--graceful-timeout GRACEFUL_TIMEOUT]
                 [--read-timeout READ_TIMEOUT] [-g GROUP] [-k WORKER_CLASS]
                 [--keep-alive KEEP_ALIVE] [--keyfile KEYFILE]
                 [--keyfile-password KEYFILE_PASSWORD]
                 [--insecure-bind INSECURE_BINDS] [--log-config LOG_CONFIG]
                 [--log-level LOG_LEVEL] [-p PID] [--quic-bind QUIC_BINDS]
                 [--reload] [--root-path ROOT_PATH]
                 [--server-name SERVER_NAMES] [--statsd-host STATSD_HOST]
                 [--statsd-prefix STATSD_PREFIX] [-m UMASK] [-u USER]
                 [--verify-mode VERIFY_MODE]
                 [--websocket-ping-interval WEBSOCKET_PING_INTERVAL]
                 [-w WORKERS]
                 application
hypercorn: error: unrecognized arguments: --reloads
